<?xml version="1.0" encoding="UTF-8"?>
<testsuite name="Verifique la funcionalidad de la pagina advantage shopping" tests="1" skipped="0" failures="0" errors="0" timestamp="2023-03-07T13:46:53" hostname="LAPTOP-J5US1KKC" time="34.143">
  <properties/>
  <testcase name="registro de usuario" classname="Verifique la funcionalidad de la pagina advantage shopping" time="34.143"/>
  <system-out><![CDATA[]]></system-out>
  <system-err><![CDATA[[Test worker] INFO io.cucumber.core.plugin.SerenityReporter - Running feature from file:///C:/Users/david/Documents/PruebaTecnicaWorldOffice/AutomationAdvantageOnlineShopping/src/test/resources/features/AdvantageOnlineShop.feature
[Test worker] INFO  - 
  _____   ___   ___   _____     ___   _____     _     ___   _____   ___   ___  
 |_   _| | __| / __| |_   _|   / __| |_   _|   /_\   | _ \ |_   _| | __| |   \ 
   | |   | _|  \__ \   | |     \__ \   | |    / _ \  |   /   | |   | _|  | |) |
   |_|   |___| |___/   |_|     |___/   |_|   /_/ \_\ |_|_\   |_|   |___| |___/ 

registro de usuario(verifique-la-funcionalidad-de-la-pagina-advantage-shopping;registro-de-usuario)
--------------------------------------------------------------------------------
Starting ChromeDriver 110.0.5481.77 (65ed616c6e8ee3fe0ad64fe83796c020644d42af-refs/branch-heads/5481@{#839}) on port 64392
Only local connections are allowed.
Please see https://chromedriver.chromium.org/security-considerations for suggestions on keeping ChromeDriver safe.
ChromeDriver was started successfully.
[1678196816.933][WARNING]: virtual void DevToolsClientImpl::AddListener(DevToolsEventListener *) subscribing a listener to the already connected DevToolsClient. Connection notification will not arrive.
mar 07, 2023 8:46:57 AM org.openqa.selenium.remote.ProtocolHandshake createSession
INFORMACIÓN: Detected dialect: W3C
mar 07, 2023 8:46:57 AM org.openqa.selenium.devtools.CdpVersionFinder findNearestMatch
ADVERTENCIA: Unable to find an exact match for CDP version 110, so returning the closest version found: a no-op implementation
mar 07, 2023 8:46:57 AM org.openqa.selenium.devtools.CdpVersionFinder findNearestMatch
INFORMACIÓN: Unable to find CDP implementation matching 110.
mar 07, 2023 8:46:57 AM org.openqa.selenium.chromium.ChromiumDriver lambda$new$3
ADVERTENCIA: Unable to find version of CDP to use for . You may need to include a dependency on a specific version of the CDP using something similar to `org.seleniumhq.selenium:selenium-devtools-v86:4.1.4` where the version ("v86") matches the version of the chromium-based browser you're using and the version number of the artifact is the same as Selenium's.
[Test worker] INFO  - 
  _____   ___   ___   _____     ___     _     ___   ___   ___   ___  
 |_   _| | __| / __| |_   _|   | _ \   /_\   / __| / __| | __| |   \ 
   | |   | _|  \__ \   | |     |  _/  / _ \  \__ \ \__ \ | _|  | |) |
   |_|   |___| |___/   |_|     |_|   /_/ \_\ |___/ |___/ |___| |___/ 

registro de usuario
----------------------------------------------------------------------
]]></system-err>
</testsuite>
